# JRE version: Java(TM) SE Runtime Environment (8.0_151-b12) (build 1.8.0_151-b12)
# Java VM: Java HotSpot(TM) 64-Bit Server VM (25.151-b12 mixed mode linux-amd64 compressed oops)
Heap:
 PSYoungGen      total 39936K, used 27540K [0x0000000793f80000, 0x0000000798d80000, 0x00000007c0000000)
  eden space 34304K, 63% used [0x0000000793f80000,0x00000007954eb5b8,0x0000000796100000)
  from space 5632K, 99% used [0x0000000796680000,0x0000000796bf9d20,0x0000000796c00000)
  to   space 5632K, 0% used [0x0000000796100000,0x0000000796100000,0x0000000796680000)
 ParOldGen       total 91648K, used 1838K [0x000000073be00000, 0x0000000741780000, 0x0000000793f80000)
  object space 91648K, 2% used [0x000000073be00000,0x000000073bfcb898,0x0000000741780000)
 Metaspace       used 14996K, capacity 15346K, committed 15616K, reserved 1062912K
  class space    used 1838K, capacity 1946K, committed 2048K, reserved 1048576K
GC Heap History (4 events):
Event: 1,107 GC heap before
{Heap before GC invocations=1 (full 0):
 PSYoungGen      total 39936K, used 34304K [0x0000000793f80000, 0x0000000796c00000, 0x00000007c0000000)
  eden space 34304K, 100% used [0x0000000793f80000,0x0000000796100000,0x0000000796100000)
  from space 5632K, 0% used [0x0000000796680000,0x0000000796680000,0x0000000796c00000)
  to   space 5632K, 0% used [0x0000000796100000,0x0000000796100000,0x0000000796680000)
 ParOldGen       total 91648K, used 0K [0x000000073be00000, 0x0000000741780000, 0x0000000793f80000)
  object space 91648K, 0% used [0x000000073be00000,0x000000073be00000,0x0000000741780000)
 Metaspace       used 8475K, capacity 8680K, committed 8832K, reserved 1056768K
  class space    used 1018K, capacity 1084K, committed 1152K, reserved 1048576K
Event: 1,117 GC heap after
Heap after GC invocations=1 (full 0):
 PSYoungGen      total 39936K, used 5522K [0x0000000793f80000, 0x0000000796c00000, 0x00000007c0000000)
  eden space 34304K, 0% used [0x0000000793f80000,0x0000000793f80000,0x0000000796100000)
  from space 5632K, 98% used [0x0000000796100000,0x0000000796664bd8,0x0000000796680000)
  to   space 5632K, 0% used [0x0000000796680000,0x0000000796680000,0x0000000796c00000)
 ParOldGen       total 91648K, used 16K [0x000000073be00000, 0x0000000741780000, 0x0000000793f80000)
  object space 91648K, 0% used [0x000000073be00000,0x000000073be04000,0x0000000741780000)
 Metaspace       used 8475K, capacity 8680K, committed 8832K, reserved 1056768K
  class space    used 1018K, capacity 1084K, committed 1152K, reserved 1048576K
}
Event: 1,676 GC heap before
{Heap before GC invocations=2 (full 0):
 PSYoungGen      total 39936K, used 39826K [0x0000000793f80000, 0x0000000796c00000, 0x00000007c0000000)
  eden space 34304K, 100% used [0x0000000793f80000,0x0000000796100000,0x0000000796100000)
  from space 5632K, 98% used [0x0000000796100000,0x0000000796664bd8,0x0000000796680000)
  to   space 5632K, 0% used [0x0000000796680000,0x0000000796680000,0x0000000796c00000)
 ParOldGen       total 91648K, used 16K [0x000000073be00000, 0x0000000741780000, 0x0000000793f80000)
  object space 91648K, 0% used [0x000000073be00000,0x000000073be04000,0x0000000741780000)
 Metaspace       used 12093K, capacity 12334K, committed 12416K, reserved 1060864K
  class space    used 1506K, capacity 1612K, committed 1664K, reserved 1048576K
Event: 1,689 GC heap after
Heap after GC invocations=2 (full 0):
 PSYoungGen      total 39936K, used 5607K [0x0000000793f80000, 0x0000000798d80000, 0x00000007c0000000)
  eden space 34304K, 0% used [0x0000000793f80000,0x0000000793f80000,0x0000000796100000)
  from space 5632K, 99% used [0x0000000796680000,0x0000000796bf9d20,0x0000000796c00000)
  to   space 5632K, 0% used [0x0000000796100000,0x0000000796100000,0x0000000796680000)
 ParOldGen       total 91648K, used 1838K [0x000000073be00000, 0x0000000741780000, 0x0000000793f80000)
  object space 91648K, 2% used [0x000000073be00000,0x000000073bfcb898,0x0000000741780000)
 Metaspace       used 12093K, capacity 12334K, committed 12416K, reserved 1060864K
  class space    used 1506K, capacity 1612K, committed 1664K, reserved 1048576K
}

